[debug] [2026-03-14T12:04:19.792Z] ----------------------------------------------------------------------
[debug] [2026-03-14T12:04:19.795Z] Command:       /nix/store/ws50yvm6vzlzf7jzz6n7xh4szddrack1-nodejs-20.19.1/bin/node /nix/store/gm9mcvzb17vv8cla08khrg29vxn3sq4r-firebase-tools-15.1.0/lib/node_modules/firebase-tools/lib/bin/firebase.js init hosting
[debug] [2026-03-14T12:04:19.795Z] CLI Version:   15.1.0
[debug] [2026-03-14T12:04:19.795Z] Platform:      linux
[debug] [2026-03-14T12:04:19.796Z] Node Version:  v20.19.1
[debug] [2026-03-14T12:04:19.796Z] Time:          Sat Mar 14 2026 12:04:19 GMT+0000 (Coordinated Universal Time)
[debug] [2026-03-14T12:04:19.796Z] ----------------------------------------------------------------------
[debug] 
[debug] [2026-03-14T12:04:22.875Z] No OAuth tokens found
[debug] [2026-03-14T12:04:22.875Z] No OAuth tokens found
[error] Failed to fetch Firebase Project from current Studio Workspace: Unable to refresh auth: not yet authenticated.
[info] 
     ######## #### ########  ######## ########     ###     ######  ########
     ##        ##  ##     ## ##       ##     ##  ##   ##  ##       ##
     ######    ##  ########  ######   ########  #########  ######  ######
     ##        ##  ##    ##  ##       ##     ## ##     ##       ## ##
     ##       #### ##     ## ######## ########  ##     ##  ######  ########

You're about to initialize a Firebase project in this directory:

  /home/user/studio

[info] 
=== Project Setup
[info] 
[info] First, let's associate this project directory with a Firebase project.
[info] You can create multiple project aliases by running firebase use --add, 
[info] 
[debug] [2026-03-14T12:04:52.289Z] > command requires scopes: ["email","openid","https://www.googleapis.com/auth/cloudplatformprojects.readonly","https://www.googleapis.com/auth/firebase","https://www.googleapis.com/auth/cloud-platform","https://www.googleapis.com/auth/userinfo.email"]
[debug] [2026-03-14T12:05:15.696Z] Running auto auth
[debug] [2026-03-14T12:05:15.722Z] No OAuth tokens found
[debug] [2026-03-14T12:05:15.725Z] >>> [apiv2][query] GET https://firebase.googleapis.com/v1beta1/projects pageSize=100
[debug] [2026-03-14T12:05:16.306Z] <<< [apiv2][status] GET https://firebase.googleapis.com/v1beta1/projects 200
[debug] [2026-03-14T12:05:16.306Z] <<< [apiv2][body] GET https://firebase.googleapis.com/v1beta1/projects [omitted]
[info] 
=== Hosting Setup
[debug] [2026-03-14T12:06:17.789Z] No OAuth tokens found
[debug] [2026-03-14T12:06:17.790Z] >>> [apiv2][query] GET https://firebase.googleapis.com/v1beta1/projects/portfolio-683f7 [none]
[debug] [2026-03-14T12:06:18.095Z] <<< [apiv2][status] GET https://firebase.googleapis.com/v1beta1/projects/portfolio-683f7 200
[debug] [2026-03-14T12:06:18.096Z] <<< [apiv2][body] GET https://firebase.googleapis.com/v1beta1/projects/portfolio-683f7 {"projectId":"portfolio-683f7","projectNumber":"958320992281","displayName":"portfolio","name":"projects/portfolio-683f7","resources":{"hostingSite":"portfolio-683f7"},"state":"ACTIVE","etag":"1_40a3acf1-4b2d-4b92-885c-86791972b89c"}
